<?xml version="1.0" encoding="UTF-8"?>
<!-- Generated by org.testng.reporters.JUnitReportReporter -->
<testsuite hostname="MACs-Mac-mini.local" failures="0" tests="3" name="com.mytest.LoginTest" time="70.264" errors="0" timestamp="2025-07-25T08:57:28 IST" skipped="0">
  <testcase classname="com.mytest.LoginTest" name="VerifyLoginPageTitleTest" time="22.145"/>
  <system-out/>
  <testcase classname="com.mytest.LoginTest" name="VerifyLoginPageHeaderTest" time="18.605"/>
  <system-out/>
  <testcase classname="com.mytest.LoginTest" name="doLoginTest" time="29.514"/>
  <system-out/>
</testsuite> <!-- com.mytest.LoginTest -->
